<?xml version="1.0" encoding="UTF-8"?>
<testsuite xmlns:xsi="http://www.w3.org/2001/XMLSchema-instance" xsi:noNamespaceSchemaLocation="https://maven.apache.org/surefire/maven-surefire-plugin/xsd/surefire-test-report-3.0.xsd" version="3.0" name="TestRunner.runner" time="63.479" tests="1" errors="0" skipped="0" failures="0">
  <properties>
[...]
</properties>
  <testcase name="Check the Desktop subtask" classname="Elements Check" time="62.027">
    <system-out><![CDATA[ INFO [main] (Toolsqastpes.java:34)- Lunch the browser
 INFO [main] (Toolsqastpes.java:44)- Lunch the url
 INFO [main] (Toolsqastpes.java:53)- Click on Elements Button
 INFO [main] (Toolsqastpes.java:409)- click on Checkbox button
 INFO [main] (Toolsqastpes.java:474)- Click on Homebox toggle
 INFO [main] (Toolsqastpes.java:489)- Click on Desktop Toggle button
 INFO [main] (Toolsqastpes.java:491)- Scroll the page
 INFO [main] (Toolsqastpes.java:498)- Verify the Desktop subnodes
 INFO [main] (Toolsqastpes.java:507)- Close browser
]]></system-out>
    <system-err><![CDATA[Starting ChromeDriver 106.0.5249.61 (511755355844955cd3e264779baf0dd38212a4d0-refs/branch-heads/5249@{#569}) on port 4230
Only local connections are allowed.
Please see https://chromedriver.chromium.org/security-considerations for suggestions on keeping ChromeDriver safe.
ChromeDriver was started successfully.
Nov 01, 2022 10:59:22 AM org.openqa.selenium.remote.ProtocolHandshake createSession
INFO: Detected dialect: W3C
]]></system-err>
  </testcase>
</testsuite>